<?xml version="1.0" encoding="UTF-8"?>
<testng-results skipped="0" failed="2" total="4" passed="2">
  <reporter-output>
  </reporter-output>
  <suite name="SanitySuite" duration-ms="185045" started-at="2016-11-08T09:50:34Z" finished-at="2016-11-08T09:53:39Z">
    <groups>
    </groups>
    <test name="sanitytest" duration-ms="185045" started-at="2016-11-08T09:50:34Z" finished-at="2016-11-08T09:53:39Z">
      <class name="com.autoframework.test.Shipwreck_e2e_test_2">
        <test-method status="PASS" signature="beforeMethod()[pri:0, instance:com.autoframework.test.Shipwreck_e2e_test_2@729084d2]" name="beforeMethod" is-config="true" duration-ms="8363" started-at="2016-11-08T15:20:44Z" finished-at="2016-11-08T15:20:52Z">
          <reporter-output>
          </reporter-output>
        </test-method> <!-- beforeMethod -->
        <test-method status="PASS" signature="AddShipWreckTest()[pri:0, instance:com.autoframework.test.Shipwreck_e2e_test_2@729084d2]" name="AddShipWreckTest" duration-ms="13796" started-at="2016-11-08T15:20:52Z" finished-at="2016-11-08T15:21:06Z">
          <reporter-output>
          </reporter-output>
        </test-method> <!-- AddShipWreckTest -->
        <test-method status="PASS" signature="afterMethod()[pri:0, instance:com.autoframework.test.Shipwreck_e2e_test_2@729084d2]" name="afterMethod" is-config="true" duration-ms="564" started-at="2016-11-08T15:21:06Z" finished-at="2016-11-08T15:21:07Z">
          <reporter-output>
          </reporter-output>
        </test-method> <!-- afterMethod -->
      </class> <!-- com.autoframework.test.Shipwreck_e2e_test_2 -->
      <class name="com.autoframework.test.Shipwreck_e2e_test_1">
        <test-method status="PASS" signature="beforeMethod()[pri:0, instance:com.autoframework.test.Shipwreck_e2e_test_1@466001d5]" name="beforeMethod" is-config="true" duration-ms="8738" started-at="2016-11-08T15:20:34Z" finished-at="2016-11-08T15:20:42Z">
          <reporter-output>
          </reporter-output>
        </test-method> <!-- beforeMethod -->
        <test-method status="PASS" signature="HomePageTest()[pri:0, instance:com.autoframework.test.Shipwreck_e2e_test_1@466001d5]" name="HomePageTest" duration-ms="758" started-at="2016-11-08T15:20:42Z" finished-at="2016-11-08T15:20:43Z">
          <reporter-output>
          </reporter-output>
        </test-method> <!-- HomePageTest -->
        <test-method status="PASS" signature="afterMethod()[pri:0, instance:com.autoframework.test.Shipwreck_e2e_test_1@466001d5]" name="afterMethod" is-config="true" duration-ms="723" started-at="2016-11-08T15:20:43Z" finished-at="2016-11-08T15:20:44Z">
          <reporter-output>
          </reporter-output>
        </test-method> <!-- afterMethod -->
      </class> <!-- com.autoframework.test.Shipwreck_e2e_test_1 -->
      <class name="com.autoframework.test.Shipwreck_e2e_test_4">
        <test-method status="PASS" signature="beforeMethod()[pri:0, instance:com.autoframework.test.Shipwreck_e2e_test_4@7025df30]" name="beforeMethod" is-config="true" duration-ms="8293" started-at="2016-11-08T15:22:23Z" finished-at="2016-11-08T15:22:31Z">
          <reporter-output>
          </reporter-output>
        </test-method> <!-- beforeMethod -->
        <test-method status="FAIL" signature="ViewShipWreckTest()[pri:0, instance:com.autoframework.test.Shipwreck_e2e_test_4@7025df30]" name="ViewShipWreckTest" duration-ms="67112" started-at="2016-11-08T15:22:31Z" finished-at="2016-11-08T15:23:38Z">
          <exception class="org.openqa.selenium.TimeoutException">
            <message>
              <![CDATA[Timed out after 60 seconds waiting for visibility of element located by By.xpath: //tr/descendant::td[contains(text(), 'Test_1_Name')]/following-sibling::td/descendant::a[contains(text(), 'View')]
Build info: version: '2.53.0', revision: '35ae25b1534ae328c771e0856c93e187490ca824', time: '2016-03-15 10:43:46'
System info: host: 'BLR-SHARATH', ip: '10.104.3.68', os.name: 'Windows 8.1', os.arch: 'amd64', os.version: '6.3', java.version: '1.7.0_79'
Session ID: a16133b4-a5b3-4b97-a1a5-7824b95a01d2
Driver info: org.openqa.selenium.firefox.FirefoxDriver
Capabilities [{platform=WINDOWS, acceptSslCerts=true, javascriptEnabled=true, cssSelectorsEnabled=true, databaseEnabled=true, browserName=firefox, handlesAlerts=true, nativeEvents=false, webStorageEnabled=true, rotatable=false, locationContextEnabled=true, applicationCacheEnabled=true, takesScreenshot=true, version=43.0.4}]]]>
            </message>
            <full-stacktrace>
              <![CDATA[org.openqa.selenium.TimeoutException: Timed out after 60 seconds waiting for visibility of element located by By.xpath: //tr/descendant::td[contains(text(), 'Test_1_Name')]/following-sibling::td/descendant::a[contains(text(), 'View')]
Build info: version: '2.53.0', revision: '35ae25b1534ae328c771e0856c93e187490ca824', time: '2016-03-15 10:43:46'
System info: host: 'BLR-SHARATH', ip: '10.104.3.68', os.name: 'Windows 8.1', os.arch: 'amd64', os.version: '6.3', java.version: '1.7.0_79'
Session ID: a16133b4-a5b3-4b97-a1a5-7824b95a01d2
Driver info: org.openqa.selenium.firefox.FirefoxDriver
Capabilities [{platform=WINDOWS, acceptSslCerts=true, javascriptEnabled=true, cssSelectorsEnabled=true, databaseEnabled=true, browserName=firefox, handlesAlerts=true, nativeEvents=false, webStorageEnabled=true, rotatable=false, locationContextEnabled=true, applicationCacheEnabled=true, takesScreenshot=true, version=43.0.4}]
	at org.openqa.selenium.support.ui.WebDriverWait.timeoutException(WebDriverWait.java:80)
	at org.openqa.selenium.support.ui.FluentWait.until(FluentWait.java:261)
	at com.autoframework.utils.CommonMethods.getElement(CommonMethods.java:19)
	at com.autoframework.services.ViewShipwrecksPage._ViewShipwreckDetail_ByName(ViewShipwrecksPage.java:17)
	at com.autoframework.test.Shipwreck_e2e_test_4.ViewShipWreckTest(Shipwreck_e2e_test_4.java:41)
	at sun.reflect.NativeMethodAccessorImpl.invoke0(Native Method)
	at sun.reflect.NativeMethodAccessorImpl.invoke(NativeMethodAccessorImpl.java:57)
	at sun.reflect.DelegatingMethodAccessorImpl.invoke(DelegatingMethodAccessorImpl.java:43)
	at java.lang.reflect.Method.invoke(Method.java:606)
	at org.testng.internal.MethodInvocationHelper.invokeMethod(MethodInvocationHelper.java:84)
	at org.testng.internal.Invoker.invokeMethod(Invoker.java:714)
	at org.testng.internal.Invoker.invokeTestMethod(Invoker.java:901)
	at org.testng.internal.Invoker.invokeTestMethods(Invoker.java:1231)
	at org.testng.internal.TestMethodWorker.invokeTestMethods(TestMethodWorker.java:127)
	at org.testng.internal.TestMethodWorker.run(TestMethodWorker.java:111)
	at org.testng.TestRunner.privateRun(TestRunner.java:767)
	at org.testng.TestRunner.run(TestRunner.java:617)
	at org.testng.SuiteRunner.runTest(SuiteRunner.java:348)
	at org.testng.SuiteRunner.runSequentially(SuiteRunner.java:343)
	at org.testng.SuiteRunner.privateRun(SuiteRunner.java:305)
	at org.testng.SuiteRunner.run(SuiteRunner.java:254)
	at org.testng.SuiteRunnerWorker.runSuite(SuiteRunnerWorker.java:52)
	at org.testng.SuiteRunnerWorker.run(SuiteRunnerWorker.java:86)
	at org.testng.TestNG.runSuitesSequentially(TestNG.java:1224)
	at org.testng.TestNG.runSuitesLocally(TestNG.java:1149)
	at org.testng.TestNG.run(TestNG.java:1057)
	at org.testng.remote.AbstractRemoteTestNG.run(AbstractRemoteTestNG.java:132)
	at org.testng.remote.RemoteTestNG.initAndRun(RemoteTestNG.java:236)
	at org.testng.remote.RemoteTestNG.main(RemoteTestNG.java:81)
Caused by: org.openqa.selenium.NoSuchElementException: Unable to locate element: {"method":"xpath","selector":"//tr/descendant::td[contains(text(), 'Test_1_Name')]/following-sibling::td/descendant::a[contains(text(), 'View')]"}
Command duration or timeout: 10.08 seconds
For documentation on this error, please visit: http://seleniumhq.org/exceptions/no_such_element.html
Build info: version: '2.53.0', revision: '35ae25b1534ae328c771e0856c93e187490ca824', time: '2016-03-15 10:43:46'
System info: host: 'BLR-SHARATH', ip: '10.104.3.68', os.name: 'Windows 8.1', os.arch: 'amd64', os.version: '6.3', java.version: '1.7.0_79'
*** Element info: {Using=xpath, value=//tr/descendant::td[contains(text(), 'Test_1_Name')]/following-sibling::td/descendant::a[contains(text(), 'View')]}
Session ID: a16133b4-a5b3-4b97-a1a5-7824b95a01d2
Driver info: org.openqa.selenium.firefox.FirefoxDriver
Capabilities [{platform=WINDOWS, acceptSslCerts=true, javascriptEnabled=true, cssSelectorsEnabled=true, databaseEnabled=true, browserName=firefox, handlesAlerts=true, nativeEvents=false, webStorageEnabled=true, rotatable=false, locationContextEnabled=true, applicationCacheEnabled=true, takesScreenshot=true, version=43.0.4}]
	at sun.reflect.NativeConstructorAccessorImpl.newInstance0(Native Method)
	at sun.reflect.NativeConstructorAccessorImpl.newInstance(NativeConstructorAccessorImpl.java:57)
	at sun.reflect.DelegatingConstructorAccessorImpl.newInstance(DelegatingConstructorAccessorImpl.java:45)
	at java.lang.reflect.Constructor.newInstance(Constructor.java:526)
	at org.openqa.selenium.remote.ErrorHandler.createThrowable(ErrorHandler.java:206)
	at org.openqa.selenium.remote.ErrorHandler.throwIfResponseFailed(ErrorHandler.java:158)
	at org.openqa.selenium.remote.RemoteWebDriver.execute(RemoteWebDriver.java:678)
	at org.openqa.selenium.remote.RemoteWebDriver.findElement(RemoteWebDriver.java:363)
	at org.openqa.selenium.remote.RemoteWebDriver.findElementByXPath(RemoteWebDriver.java:500)
	at org.openqa.selenium.By$ByXPath.findElement(By.java:361)
	at org.openqa.selenium.remote.RemoteWebDriver.findElement(RemoteWebDriver.java:355)
	at org.openqa.selenium.support.ui.ExpectedConditions.findElement(ExpectedConditions.java:899)
	at org.openqa.selenium.support.ui.ExpectedConditions.access$000(ExpectedConditions.java:41)
	at org.openqa.selenium.support.ui.ExpectedConditions$7.apply(ExpectedConditions.java:205)
	at org.openqa.selenium.support.ui.ExpectedConditions$7.apply(ExpectedConditions.java:201)
	at org.openqa.selenium.support.ui.FluentWait.until(FluentWait.java:238)
	... 27 more
Caused by: org.openqa.selenium.NoSuchElementException: Unable to locate element: {"method":"xpath","selector":"//tr/descendant::td[contains(text(), 'Test_1_Name')]/following-sibling::td/descendant::a[contains(text(), 'View')]"}
For documentation on this error, please visit: http://seleniumhq.org/exceptions/no_such_element.html
Build info: version: '2.53.0', revision: '35ae25b1534ae328c771e0856c93e187490ca824', time: '2016-03-15 10:43:46'
System info: host: 'BLR-SHARATH', ip: '10.104.3.68', os.name: 'Windows 8.1', os.arch: 'amd64', os.version: '6.3', java.version: '1.7.0_79'
Driver info: driver.version: unknown
	at <anonymous class>.FirefoxDriver.prototype.findElementInternal_(file:///C:/Users/SCHIKK~1/AppData/Local/Temp/anonymous7490342180318714303webdriver-profile/extensions/fxdriver@googlecode.com/components/driver-component.js:10770)
	at <anonymous class>.fxdriver.Timer.prototype.setTimeout/<.notify(file:///C:/Users/SCHIKK~1/AppData/Local/Temp/anonymous7490342180318714303webdriver-profile/extensions/fxdriver@googlecode.com/components/driver-component.js:625)
]]>
            </full-stacktrace>
          </exception> <!-- org.openqa.selenium.TimeoutException -->
          <reporter-output>
          </reporter-output>
        </test-method> <!-- ViewShipWreckTest -->
        <test-method status="PASS" signature="afterMethod()[pri:0, instance:com.autoframework.test.Shipwreck_e2e_test_4@7025df30]" name="afterMethod" is-config="true" duration-ms="555" started-at="2016-11-08T15:23:38Z" finished-at="2016-11-08T15:23:39Z">
          <reporter-output>
          </reporter-output>
        </test-method> <!-- afterMethod -->
      </class> <!-- com.autoframework.test.Shipwreck_e2e_test_4 -->
      <class name="com.autoframework.test.Shipwreck_e2e_test_3">
        <test-method status="PASS" signature="beforeMethod()[pri:0, instance:com.autoframework.test.Shipwreck_e2e_test_3@49186b0b]" name="beforeMethod" is-config="true" duration-ms="8379" started-at="2016-11-08T15:21:07Z" finished-at="2016-11-08T15:21:15Z">
          <reporter-output>
          </reporter-output>
        </test-method> <!-- beforeMethod -->
        <test-method status="FAIL" signature="ViewShipWreckTest()[pri:0, instance:com.autoframework.test.Shipwreck_e2e_test_3@49186b0b]" name="ViewShipWreckTest" duration-ms="67152" started-at="2016-11-08T15:21:15Z" finished-at="2016-11-08T15:22:22Z">
          <exception class="org.openqa.selenium.TimeoutException">
            <message>
              <![CDATA[Timed out after 60 seconds waiting for visibility of element located by By.xpath: //tr/descendant::td[contains(text(), 'Test_1_Name')]/following-sibling::td/descendant::a[contains(text(), 'View')]
Build info: version: '2.53.0', revision: '35ae25b1534ae328c771e0856c93e187490ca824', time: '2016-03-15 10:43:46'
System info: host: 'BLR-SHARATH', ip: '10.104.3.68', os.name: 'Windows 8.1', os.arch: 'amd64', os.version: '6.3', java.version: '1.7.0_79'
Session ID: f75d5d58-a18e-4b4e-8cb2-b2d8ff5ba951
Driver info: org.openqa.selenium.firefox.FirefoxDriver
Capabilities [{platform=WINDOWS, acceptSslCerts=true, javascriptEnabled=true, cssSelectorsEnabled=true, databaseEnabled=true, browserName=firefox, handlesAlerts=true, nativeEvents=false, webStorageEnabled=true, rotatable=false, locationContextEnabled=true, applicationCacheEnabled=true, takesScreenshot=true, version=43.0.4}]]]>
            </message>
            <full-stacktrace>
              <![CDATA[org.openqa.selenium.TimeoutException: Timed out after 60 seconds waiting for visibility of element located by By.xpath: //tr/descendant::td[contains(text(), 'Test_1_Name')]/following-sibling::td/descendant::a[contains(text(), 'View')]
Build info: version: '2.53.0', revision: '35ae25b1534ae328c771e0856c93e187490ca824', time: '2016-03-15 10:43:46'
System info: host: 'BLR-SHARATH', ip: '10.104.3.68', os.name: 'Windows 8.1', os.arch: 'amd64', os.version: '6.3', java.version: '1.7.0_79'
Session ID: f75d5d58-a18e-4b4e-8cb2-b2d8ff5ba951
Driver info: org.openqa.selenium.firefox.FirefoxDriver
Capabilities [{platform=WINDOWS, acceptSslCerts=true, javascriptEnabled=true, cssSelectorsEnabled=true, databaseEnabled=true, browserName=firefox, handlesAlerts=true, nativeEvents=false, webStorageEnabled=true, rotatable=false, locationContextEnabled=true, applicationCacheEnabled=true, takesScreenshot=true, version=43.0.4}]
	at org.openqa.selenium.support.ui.WebDriverWait.timeoutException(WebDriverWait.java:80)
	at org.openqa.selenium.support.ui.FluentWait.until(FluentWait.java:261)
	at com.autoframework.utils.CommonMethods.getElement(CommonMethods.java:19)
	at com.autoframework.services.ViewShipwrecksPage._ViewShipwreckDetail_ByName(ViewShipwrecksPage.java:17)
	at com.autoframework.test.Shipwreck_e2e_test_3.ViewShipWreckTest(Shipwreck_e2e_test_3.java:38)
	at sun.reflect.NativeMethodAccessorImpl.invoke0(Native Method)
	at sun.reflect.NativeMethodAccessorImpl.invoke(NativeMethodAccessorImpl.java:57)
	at sun.reflect.DelegatingMethodAccessorImpl.invoke(DelegatingMethodAccessorImpl.java:43)
	at java.lang.reflect.Method.invoke(Method.java:606)
	at org.testng.internal.MethodInvocationHelper.invokeMethod(MethodInvocationHelper.java:84)
	at org.testng.internal.Invoker.invokeMethod(Invoker.java:714)
	at org.testng.internal.Invoker.invokeTestMethod(Invoker.java:901)
	at org.testng.internal.Invoker.invokeTestMethods(Invoker.java:1231)
	at org.testng.internal.TestMethodWorker.invokeTestMethods(TestMethodWorker.java:127)
	at org.testng.internal.TestMethodWorker.run(TestMethodWorker.java:111)
	at org.testng.TestRunner.privateRun(TestRunner.java:767)
	at org.testng.TestRunner.run(TestRunner.java:617)
	at org.testng.SuiteRunner.runTest(SuiteRunner.java:348)
	at org.testng.SuiteRunner.runSequentially(SuiteRunner.java:343)
	at org.testng.SuiteRunner.privateRun(SuiteRunner.java:305)
	at org.testng.SuiteRunner.run(SuiteRunner.java:254)
	at org.testng.SuiteRunnerWorker.runSuite(SuiteRunnerWorker.java:52)
	at org.testng.SuiteRunnerWorker.run(SuiteRunnerWorker.java:86)
	at org.testng.TestNG.runSuitesSequentially(TestNG.java:1224)
	at org.testng.TestNG.runSuitesLocally(TestNG.java:1149)
	at org.testng.TestNG.run(TestNG.java:1057)
	at org.testng.remote.AbstractRemoteTestNG.run(AbstractRemoteTestNG.java:132)
	at org.testng.remote.RemoteTestNG.initAndRun(RemoteTestNG.java:236)
	at org.testng.remote.RemoteTestNG.main(RemoteTestNG.java:81)
Caused by: org.openqa.selenium.NoSuchElementException: Unable to locate element: {"method":"xpath","selector":"//tr/descendant::td[contains(text(), 'Test_1_Name')]/following-sibling::td/descendant::a[contains(text(), 'View')]"}
Command duration or timeout: 10.07 seconds
For documentation on this error, please visit: http://seleniumhq.org/exceptions/no_such_element.html
Build info: version: '2.53.0', revision: '35ae25b1534ae328c771e0856c93e187490ca824', time: '2016-03-15 10:43:46'
System info: host: 'BLR-SHARATH', ip: '10.104.3.68', os.name: 'Windows 8.1', os.arch: 'amd64', os.version: '6.3', java.version: '1.7.0_79'
*** Element info: {Using=xpath, value=//tr/descendant::td[contains(text(), 'Test_1_Name')]/following-sibling::td/descendant::a[contains(text(), 'View')]}
Session ID: f75d5d58-a18e-4b4e-8cb2-b2d8ff5ba951
Driver info: org.openqa.selenium.firefox.FirefoxDriver
Capabilities [{platform=WINDOWS, acceptSslCerts=true, javascriptEnabled=true, cssSelectorsEnabled=true, databaseEnabled=true, browserName=firefox, handlesAlerts=true, nativeEvents=false, webStorageEnabled=true, rotatable=false, locationContextEnabled=true, applicationCacheEnabled=true, takesScreenshot=true, version=43.0.4}]
	at sun.reflect.NativeConstructorAccessorImpl.newInstance0(Native Method)
	at sun.reflect.NativeConstructorAccessorImpl.newInstance(NativeConstructorAccessorImpl.java:57)
	at sun.reflect.DelegatingConstructorAccessorImpl.newInstance(DelegatingConstructorAccessorImpl.java:45)
	at java.lang.reflect.Constructor.newInstance(Constructor.java:526)
	at org.openqa.selenium.remote.ErrorHandler.createThrowable(ErrorHandler.java:206)
	at org.openqa.selenium.remote.ErrorHandler.throwIfResponseFailed(ErrorHandler.java:158)
	at org.openqa.selenium.remote.RemoteWebDriver.execute(RemoteWebDriver.java:678)
	at org.openqa.selenium.remote.RemoteWebDriver.findElement(RemoteWebDriver.java:363)
	at org.openqa.selenium.remote.RemoteWebDriver.findElementByXPath(RemoteWebDriver.java:500)
	at org.openqa.selenium.By$ByXPath.findElement(By.java:361)
	at org.openqa.selenium.remote.RemoteWebDriver.findElement(RemoteWebDriver.java:355)
	at org.openqa.selenium.support.ui.ExpectedConditions.findElement(ExpectedConditions.java:899)
	at org.openqa.selenium.support.ui.ExpectedConditions.access$000(ExpectedConditions.java:41)
	at org.openqa.selenium.support.ui.ExpectedConditions$7.apply(ExpectedConditions.java:205)
	at org.openqa.selenium.support.ui.ExpectedConditions$7.apply(ExpectedConditions.java:201)
	at org.openqa.selenium.support.ui.FluentWait.until(FluentWait.java:238)
	... 27 more
Caused by: org.openqa.selenium.NoSuchElementException: Unable to locate element: {"method":"xpath","selector":"//tr/descendant::td[contains(text(), 'Test_1_Name')]/following-sibling::td/descendant::a[contains(text(), 'View')]"}
For documentation on this error, please visit: http://seleniumhq.org/exceptions/no_such_element.html
Build info: version: '2.53.0', revision: '35ae25b1534ae328c771e0856c93e187490ca824', time: '2016-03-15 10:43:46'
System info: host: 'BLR-SHARATH', ip: '10.104.3.68', os.name: 'Windows 8.1', os.arch: 'amd64', os.version: '6.3', java.version: '1.7.0_79'
Driver info: driver.version: unknown
	at <anonymous class>.FirefoxDriver.prototype.findElementInternal_(file:///C:/Users/SCHIKK~1/AppData/Local/Temp/anonymous2648946238635882306webdriver-profile/extensions/fxdriver@googlecode.com/components/driver-component.js:10770)
	at <anonymous class>.fxdriver.Timer.prototype.setTimeout/<.notify(file:///C:/Users/SCHIKK~1/AppData/Local/Temp/anonymous2648946238635882306webdriver-profile/extensions/fxdriver@googlecode.com/components/driver-component.js:625)
]]>
            </full-stacktrace>
          </exception> <!-- org.openqa.selenium.TimeoutException -->
          <reporter-output>
          </reporter-output>
        </test-method> <!-- ViewShipWreckTest -->
        <test-method status="PASS" signature="afterMethod()[pri:0, instance:com.autoframework.test.Shipwreck_e2e_test_3@49186b0b]" name="afterMethod" is-config="true" duration-ms="563" started-at="2016-11-08T15:22:22Z" finished-at="2016-11-08T15:22:23Z">
          <reporter-output>
          </reporter-output>
        </test-method> <!-- afterMethod -->
      </class> <!-- com.autoframework.test.Shipwreck_e2e_test_3 -->
    </test> <!-- sanitytest -->
  </suite> <!-- SanitySuite -->
</testng-results>
